start
Shade of Innocence | LZZ-061
Foundation | XGK-937 / dark ok
Tint 1 | MXB-821 / brown generic ok
Tint 2 | LQG-913
Tint 3 | VCZ-387 / gold generic ok
Alliance Honour | YPC-189
Alliance Camo 1 | MWZ-635
Alliance Camo 2 | ZOU-796 blue brown camo blob
Alliance Camo 3 | KYB-651 blue brown camo square
Republic Standard | WZM-088
Republic Camo 1 | SAY-308
Republic Camo 2 | DTK-419
Republic Camo 3 | YAL-869
Federation Pennon | VFH-255
Federation Camo 1 | ALP-979
Federation Camo 2 | YGT-120
Federation Camo 3 | QLI-476
Hatikvah Banner | JTH-508
Act of Distraction | BFJ-365
Verbillion | CVZ-741
Splatter | ICY-186
Cracked Surface | TYB-119
Order Wrath | MMT-262
Holy Order Camo 1 | CDR-619
Holy Order Camo 2 | HFQ-043
Holy Order Camo 3 | UBD-134 
Ministry Buck | RVT-236
Ministry Camo 1 | MRV-270
Ministry Camo 2 | MLD-487
Ministry Camo 3 | BEP-410
Origin Unknown | HCT-957 / nice grey
Godrealm Pride | CYB-445
Godrealm Camo 1 | GAL-255
Godrealm Camo 2 | KUQ-448
Godrealm Camo 3 | JZG-316
Scale Plate Greenback | OZM-025
Ianamus Ztealth | OCO-843
Matrix Annihilation | EQP-155
Scale Plate Camo 1 | NUR-994
Scale Plate Camo 2 | QMN-574
Scale Plate Camo 3 | FOL-764
Company Skin | UOR-455
Company Camo 1 | MAZ-824
Company Camo 2 | IPW-076
Company Camo 3 | NNC-280
Not Like This | SMR-042
Washout | HSR-379
Black Steel | YOQ-988
Foundation X | JOB-211
Obsidian X | BUN-334
Rising Star | IZB-378
Grey Steel | IKS-555 mirror!
Roadkill | YHB-707
Scorched | UQG-082
End of Line | DZT-097
Bzzzzz! | VLY-734
Violence | GHO-243
Legitimate Business | NSN-278
Aldrin | LYP-319 / white
Cold Metal | LWU-121
Captain Pearle | ZQC-736 white
Mineral Rush | PYK-210
Corsair's Gambit | NON-020
Cascade Alpha | BSX-665
Sinister Fume | RKG-326 bad shiny black
Silent Sanctuary | NEB-715 white cow
Warden | SNM-607
J.B.C. | HCC-273
Extraction | JPL-241
Smokestack | CPD-491
Relic Hunter | JVN-744
Crystal Thief | ASH-767 telai!
Disposal Unit 3 | KCY-009 diry black
Woodland Pasture | FGM-999
The Vindicator | FQA-161  nice blue camo
Scream | VVI-197
Forty-Two | PQG-873
Path to Glory | ZQN-782
Digital Templar | PJO-684
Opportunity | QJY-175
Kilroy | AGS-256 clean
Distinct Past | YWP-183
Worm God | FBN-538
Woody Valley | SFD-881
Leap of Faith | URR-789
FHD040 | SNH-918 brown camo
Snakebite | YUQ-374  metal white camo
Shade of Innocence | DED-116
Foundation | XCY-237 / dark ok
Tint 1 | CHJ-847
Tint 2 | NYR-746
Tint 3 | DUD-529
Alliance Honour | OWZ-401
Alliance Camo 1 | ONR-435
Alliance Camo 2 | OKS-001
Alliance Camo 3 | HGH-702
Republic Standard | PYD-277 / 60s blue
Republic Camo 1 | AOY-584 / blue black geometric
Republic Camo 2 | MWC-582
Republic Camo 3 | GIQ-729
Federation Pennon | JSY-208
Federation Camo 1 | DXT-858
Federation Camo 2 | WAX-132
Federation Camo 3 | CFO-633
