This Sector tpthree_cluster290_sector001_macro
This Sector tpthree_cluster104_sector001_macro
This Sector tpthree_cluster314_sector001_macro bad | moved to 04
This Sector tpthree_cluster143_sector001_macro
This Sector tpthree_cluster029_sector001_macro bad pos|  
<position x="146928928" y="47412848" z="-120706840" /> moved to  <position x="46928928" y="47412848" z="20706840" />
This Sector tpthree_cluster166_sector001_macro
This Sector tpthree_cluster189_sector001_macro
This Sector tpthree_cluster343_sector001_macro
This Sector tpthree_cluster110_sector001_macro
This Sector tpthree_cluster044_sector001_macro
This Sector tpthree_cluster177_sector001_macro
This Sector tpthree_cluster1260_sector001_macro
This Sector tpthree_cluster216_sector001_macro
This Sector tpthree_cluster331_sector001_macro
This Sector tpthree_cluster203_sector001_macro
This Sector tpthree_cluster188_sector001_macro
This Sector tpthree_cluster052_sector001_macro
This Sector tpthree_cluster384_sector001_macro
This Sector tpthree_cluster185_sector001_macro
This Sector tppirate_cluster_82_sector001_macro
This Sector tpthree_cluster205_sector001_macro
This Sector tpthree_cluster183_sector001_macro
This Sector tpthree_cluster142_sector001_macro
This Sector tpthree_cluster289_sector001_macro
This Sector tpthree_cluster085_sector001_macro
This Sector tpthree_cluster1220_sector001_macro too much of this cluster | is 4 too much?
This Sector tpthree_cluster084_sector001_macro
This Sector tpthree_cluster274_sector001_macro
This Sector tpthree_cluster273_sector001_macro
This Sector tpthree_cluster261_sector001_macro
This Sector tpthree_cluster159_sector001_macro
This Sector tppirate_cluster_87_sector001_macro
This Sector tpthree_cluster393_sector001_macro
This Sector tppirate_cluster_94_sector001_macro
This Sector tppirate_cluster_95_sector001_macro
This Sector tppirate_cluster_97_sector001_macro
This Sector tpthree_cluster140_sector001_macro
This Sector tpthree_cluster366_sector001_macro
This Sector tpthree_cluster069_sector001_macro
This Sector tpthree_cluster367_sector001_macro
This Sector tppirate_cluster_85_sector001_macro planetsun
 <position x="-186857049" y="65217824" z="170408000" /> moved to <position x="-186857049" y="65217824" z="70408000" />
This Sector tpthree_cluster365_sector001_macro
This Sector tpthree_cluster1217_sector001_macro too many | 5
This Sector tpthree_cluster312_sector001_macro
This Sector tpthree_cluster176_sector001_macro
This Sector tppirate_cluster_96_sector001_macro panetsun but cool system
<position x="-123007792" y="-36716164" z="158596768" /> moved to <position x="-123007792" y="36716164" z="158596768" />
This Sector tpthree_cluster220_sector001_macro planetsun but closeish to planet pink planet | changed to 12
This Sector tpthree_cluster371_sector001_macro
This Sector tpthree_cluster259_sector001_macro
This Sector tpthree_cluster1273_sector001_macro
This Sector tpthree_cluster030_sector001_macro
This Sector tpthree_cluster364_sector001_macro
This Sector tpthree_cluster330_sector001_macro
This Sector tpthree_cluster158_sector001_macro
This Sector tpthree_cluster196_sector001_macro
This Sector tpthree_cluster178_sector001_macro
This Sector tpthree_cluster080_sector001_macro
This Sector tpthree_cluster197_sector001_macro
This Sector tpthree_cluster204_sector001_macro
This Sector tpthree_cluster262_sector001_macro
This Sector tpthree_cluster051_sector001_macro
This Sector tppirate_cluster_91_sector001_macro opps inside planet
<position x="155547840" y="-73777748" z="77167584" /> moved to <position x="155547840" y="-73777748" z="67167584" />
This Sector tpthree_cluster260_sector001_macro
This Sector tppirate_cluster_83_sector001_macro
This Sector tpthree_cluster363_sector001_macro
This Sector tpthree_cluster145_sector001_macro
This Sector tpthree_cluster349_sector001_macro
This Sector tpthree_cluster281_sector001_macro keep
This Sector tppirate_cluster_88_sector001_macro
This Sector tpthree_cluster295_sector001_macro
This Sector tpthree_cluster236_sector001_macro
This Sector tpthree_cluster060_sector001_macro
This Sector tpthree_cluster227_sector001_macro
This Sector tpthree_cluster105_sector001_macro
This Sector tpthree_cluster221_sector001_macro
This Sector tppirate_cluster_93_sector001_macro
This Sector tpthree_cluster184_sector001_macro planetsun but so close to being the best. 
<position x="69203712" y="-92038475" z="4882192" /> moved to <position x="69203712" y="-52038475" z="4882192" />
This Sector tpthree_cluster031_sector001_macro
This Sector tpthree_cluster011_sector001_macro
This Sector tpthree_cluster390_sector001_macro
This Sector tpthree_cluster292_sector001_macro
This Sector tpthree_cluster1292_sector001_macro
This Sector tppirate_cluster_98_sector001_macro
This Sector tpthree_cluster291_sector001_macro
This Sector tpthree_cluster049_sector001_macro
This Sector tppirate_cluster_86_sector001_macro
This Sector meditech_cluster_01_sector001_macro
This Sector tpthree_cluster241_sector001_macro planetsun
 <position x="67201072" y="-80611626" z="-123929784" /> moved to <position x="67201072" y="-611626" z="-123929784" />
This Sector tpthree_cluster079_sector001_macro
This Sector tppirate_cluster_92_sector001_macro
This Sector tppirate_cluster_80_sector001_macro
This Sector tpthree_cluster217_sector001_macro
This Sector tpthree_cluster195_sector001_macro
This Sector tpthree_cluster215_sector001_macro too similar | moved to 27
This Sector tpthree_cluster070_sector001_macro too similar
This Sector tppirate_cluster_90_sector001_macro
This Sector tpthree_cluster307_sector001_macro
This Sector tppirate_cluster_89_sector001_macro
This Sector tpthree_cluster234_sector001_macro
This Sector tpthree_cluster165_sector001_macro bad moved to 04
This Sector tpthree_cluster050_sector001_macro
This Sector tpthree_cluster296_sector001_macro
This Sector tpthree_cluster225_sector001_macro
This Sector tpthree_cluster064_sector001_macro used a lot | changed a few
This Sector tppirate_cluster_99_sector001_macro
This Sector tpthree_cluster293_sector001_macro
This Sector tpthree_cluster062_sector001_macro
This Sector tpthree_cluster061_sector001_macro
This Sector tpthree_cluster235_sector001_macro
This Sector tpthree_cluster1240_sector001_macro
This Sector tpthree_cluster311_sector001_macro
This Sector tppirate_cluster_81_sector001_macro planetsun
<position x="-175764524" y="-24952208" z="109577408" /> moved to  <position x="175764524" y="-24952208" z="109577408" />
This Sector tpthree_cluster240_sector001_macro
This Sector tpthree_cluster210_sector001_macro
This Sector tpthree_cluster035_sector001_macro
This Sector tpthree_cluster1158_sector001_macro
This Sector tppirate_cluster_84_sector001_macro
This Sector tpthree_cluster290_sector001_macro
This Sector tpthree_cluster104_sector001_macro
